<?xml version="1.0" encoding="UTF-8"?>
<!-- Generated by org.testng.reporters.JUnitXMLReporter -->
<testsuite ignored="0" hostname="CHANDAN" failures="1" tests="1" name="Testopencartchrome" time="13.049" errors="0" timestamp="2023-03-05T02:47:20 IST">
  <testcase classname="testCases.TC_002_Login" name="Login" time="6.052">
    <failure type="java.lang.AssertionError" message="null">
      <![CDATA[java.lang.AssertionError: null
at testCases.TC_002_Login.Login(TC_002_Login.java:39)
at java.base/java.util.ArrayList.forEach(ArrayList.java:1511)
... Removed 29 stack frames]]>
    </failure>
  </testcase> <!-- Login -->
</testsuite> <!-- Testopencartchrome -->
